#
# A fatal error has been detected by the Java Runtime Environment:
#
#  SIGSEGV (0xb) at pc=0x000000012fa16ad6, pid=28295, tid=259
#
# JRE version: OpenJDK Runtime Environment (17.0+35) (build 17+35-2724)
# Java VM: OpenJDK 64-Bit Server VM (17+35-2724, mixed mode, sharing, tiered, compressed oops, compressed class ptrs, g1 gc, bsd-amd64)
# Problematic frame:
# C  [libawt_lwawt.dylib+0x13ad6]  -[AWTWindow _deliverMoveResizeEvent]+0x86
#
# No core dump will be written. Core dumps have been disabled. To enable core dumping, try "ulimit -c unlimited" before starting Java again
#
# If you would like to submit a bug report, please visit:
#   https://bugreport.java.com/bugreport/crash.jsp
#

---------------  S U M M A R Y ------------

Command Line: -javaagent:/Applications/IntelliJ IDEA.app/Contents/lib/idea_rt.jar=61534:/Applications/IntelliJ IDEA.app/Contents/bin -Dfile.encoding=UTF-8 --module-path=/Users/illuha2uha/.m2/repository/org/openjfx/javafx-controls/17.0.1/javafx-controls-17.0.1-mac.jar:/Users/illuha2uha/.m2/repository/org/openjfx/javafx-fxml/17.0.1/javafx-fxml-17.0.1-mac.jar:/Users/illuha2uha/.m2/repository/org/openjfx/javafx-graphics/17.0.1/javafx-graphics-17.0.1-mac.jar:/Users/illuha2uha/.m2/repository/org/openjfx/javafx-base/17.0.1/javafx-base-17.0.1-mac.jar:/Users/illuha2uha/IdeaProjects/GUI_EN_2122S_PRO3_GR23c_s24387_IntelliJ/target/classes -Djdk.module.main=GUI_EN_2122S_PRO3_GR23c_s24387_IntelliJ GUI_EN_2122S_PRO3_GR23c_s24387_IntelliJ/Defaults.Main

Host: "MacBookPro17,1" x86_64 (EMULATED) 2400 MHz, 8 cores, 8G, Darwin 21.1.0, macOS 12.0.1 (21A559)
Time: Fri Jun 17 17:30:05 2022 CEST elapsed time: 3.257531 seconds (0d 0h 0m 3s)

---------------  T H R E A D  ---------------

Current thread is native thread

Stack: [0x0000000304f72000,0x0000000305772000],  sp=0x000000030576e280,  free space=8176k
Native frames: (J=compiled Java code, j=interpreted, Vv=VM code, C=native code)
C  [libawt_lwawt.dylib+0x13ad6]  -[AWTWindow _deliverMoveResizeEvent]+0x86
C  [CoreFoundation+0x7511f]  __CFNOTIFICATIONCENTER_IS_CALLING_OUT_TO_AN_OBSERVER__+0xc
C  [CoreFoundation+0x111b35]  ___CFXRegistrationPost_block_invoke+0x31
C  [CoreFoundation+0x111aa6]  _CFXRegistrationPost+0x1f0
C  [CoreFoundation+0x46dfa]  _CFXNotificationPost+0x323
C  [Foundation+0x9996]  -[NSNotificationCenter postNotificationName:object:userInfo:]+0x52
C  [AppKit+0x9005a]  -[NSWindow _setFrameCommon:display:fromServer:]+0x11a3
C  [libawt_lwawt.dylib+0x18ef8]  __Java_sun_lwawt_macosx_CPlatformWindow_nativeSetNSWindowBounds_block_invoke+0x88
C  [libosxapp.dylib+0x603f]  +[ThreadUtilities invokeBlockCopy:]+0xf
C  [Foundation+0x81d63]  __NSThreadPerformPerform+0xb3
C  [CoreFoundation+0x7fb68]  __CFRUNLOOP_IS_CALLING_OUT_TO_A_SOURCE0_PERFORM_FUNCTION__+0x11
C  [CoreFoundation+0x7fad0]  __CFRunLoopDoSource0+0xb4
C  [CoreFoundation+0x7f843]  __CFRunLoopDoSources0+0xf2
C  [CoreFoundation+0x7e25f]  __CFRunLoopRun+0x381
C  [CoreFoundation+0x7d809]  CFRunLoopRunSpecific+0x237
C  [libjli.dylib+0x70b2]  CreateExecutionEnvironment+0x182
C  [libjli.dylib+0x2c15]  JLI_Launch+0x585
C  [java+0x3c11]  main+0x191
C  0x0000000200ba84fe
C  0x0000000000000004


siginfo: si_signo: 11 (SIGSEGV), si_code: 1 (SEGV_MAPERR), si_addr: 0x2f6176616a4c28ed

Registers:
RAX=0x2f6176616a4c2825, RBX=0x000000030576e378, RCX=0x0000000200c1b600, RDX=0x0000000000000103
RSP=0x000000030576e280, RBP=0x000000030576e310, RSI=0x000000012f5a4930, RDI=0x000000012f5a7ef8
R8 =0x00006000015b8a80, R9 =0x000000030576e428, R10=0x000000012f5a7ed0, R11=0x000000012f5a3e90
R12=0x00007ff818fdd280, R13=0x0000600001ff15c0, R14=0x00006000015b8a80, R15=0x00007f7a2d83d8a8
RIP=0x000000012fa16ad6, EFLAGS=0x0000000000000202, ERR=0x0000000000000004
  TRAPNO=0x000000000000000e

Top of Stack: (sp=0x000000030576e280)
0x000000030576e280:   00006000015b8a80 0000000000000001
0x000000030576e290:   0000000000000000 0000000000000000
0x000000030576e2a0:   0000000000000000 0000000000000000
0x000000030576e2b0:   4089000000000000 0000000000000000
0x000000030576e2c0:   4082c00000000000 0000000000000000
0x000000030576e2d0:   0000000000000000 0000000000000000
0x000000030576e2e0:   0000000000000000 000000030576e378
0x000000030576e2f0:   0000000000001400 0000600001ff15c0
0x000000030576e300:   0000000000000000 0000000000000000
0x000000030576e310:   000000030576e320 00007ff81920511f
0x000000030576e320:   000000030576e340 00007ff8192a1b35
0x000000030576e330:   00006000015b8a80 000000030576e428
0x000000030576e340:   000000030576e400 00007ff8192a1aa6
0x000000030576e350:   0000600003b46280 0000600003595bc0
0x000000030576e360:   0000009d00000073 00006000015b8a80
0x000000030576e370:   000000000576e400 00007ff85a8eb610
0x000000030576e380:   00000000c2000000 00007ff8192a1b04
0x000000030576e390:   00007ff85be618f8 0000600003595bc0
0x000000030576e3a0:   0000600003b46280 0000600001ff15c0
0x000000030576e3b0:   0000009d00000073 0000000000001400
0x000000030576e3c0:   00006000015b8a80 0000000000000000
0x000000030576e3d0:   5e7c83d9dde400e7 0000000000000000
0x000000030576e3e0:   000000030576e410 0000600001ff15c0
0x000000030576e3f0:   0000000000000000 000000030576ec70
0x000000030576e400:   000000030576eda0 00007ff8191d6dfa
0x000000030576e410:   0000002000000001 000000012fac9800
0x000000030576e420:   000000030576e428 00007ff85906ed38
0x000000030576e430:   00007f7a2e242d90 00006000015b8a80
0x000000030576e440:   0000000000001400 0000600003595bc0
0x000000030576e450:   0000009d00000073 0000000000000000
0x000000030576e460:   0000000000000000 3ff0000000000000
0x000000030576e470:   3ff0000000000000 00007ff818ff37ad 

Instructions: (pc=0x000000012fa16ad6)
0x000000012fa169d6:   5d c3 0f 1f 84 00 00 00 00 00 55 48 89 e5 53 50
0x000000012fa169e6:   48 89 fb e8 76 f7 07 00 85 c0 75 3a 48 8b 3d 47
0x000000012fa169f6:   1b 0b 00 48 8b 35 e0 f6 0a 00 ff 15 2a cb 09 00
0x000000012fa16a06:   48 8d 3d 6b df 09 00 48 8d 35 84 df 09 00 48 89
0x000000012fa16a16:   c2 31 c0 e8 2a f5 07 00 48 8d 3d 93 df 09 00 31
0x000000012fa16a26:   c0 e8 1c f5 07 00 48 8b 35 cd fd 0a 00 48 89 df
0x000000012fa16a36:   ff 15 f4 ca 09 00 c1 e8 10 83 e0 01 48 83 c4 08
0x000000012fa16a46:   5b 5d c3 0f 1f 80 00 00 00 00 55 48 89 e5 41 57
0x000000012fa16a56:   41 56 41 55 41 54 53 48 83 ec 68 49 89 fe e8 fb
0x000000012fa16a66:   f6 07 00 85 c0 75 3a 48 8b 3d cc 1a 0b 00 48 8b
0x000000012fa16a76:   35 65 f6 0a 00 ff 15 af ca 09 00 48 8d 3d f0 de
0x000000012fa16a86:   09 00 48 8d 35 09 df 09 00 48 89 c2 31 c0 e8 af
0x000000012fa16a96:   f4 07 00 48 8d 3d 18 df 09 00 31 c0 e8 a1 f4 07
0x000000012fa16aa6:   00 48 8b 3d ea 1a 0b 00 48 8b 35 0b f8 0a 00 4c
0x000000012fa16ab6:   8b 25 74 ca 09 00 41 ff d4 48 8b 3d ca 1a 0b 00
0x000000012fa16ac6:   48 8b 35 f3 f8 0a 00 41 ff d4 49 89 c7 48 8b 00
0x000000012fa16ad6:   48 8b 98 c8 00 00 00 48 8b 35 14 fc 0a 00 4c 89
0x000000012fa16ae6:   f7 41 ff d4 4c 89 ff 48 89 c6 ff d3 48 89 45 c8
0x000000012fa16af6:   4c 8b 2d 1b fc 0a 00 4c 89 f7 4c 89 ee 41 ff d4
0x000000012fa16b06:   48 85 c0 74 15 48 8b 15 ce f7 0a 00 48 8d 7d 90
0x000000012fa16b16:   48 89 c6 e8 10 f6 07 00 eb 0b 0f 57 c0 0f 29 45
0x000000012fa16b26:   a0 0f 29 45 90 48 8b 45 a8 48 8b 4d a0 48 8b 55
0x000000012fa16b36:   90 48 8b 5d 98 48 8d bd 70 ff ff ff 4c 89 fe 50
0x000000012fa16b46:   51 53 52 e8 22 ad 03 00 48 83 c4 20 48 8b 35 bf
0x000000012fa16b56:   4d 0b 00 48 85 f6 0f 84 b7 00 00 00 48 8b 1d ff
0x000000012fa16b66:   4d 0b 00 48 85 db 0f 85 ef 01 00 00 49 8b 07 48
0x000000012fa16b76:   8d 15 cf ea 08 00 48 8d 0d df ea 08 00 4c 89 ff
0x000000012fa16b86:   ff 90 08 01 00 00 48 89 c3 48 89 05 d2 4d 0b 00
0x000000012fa16b96:   48 85 c0 0f 85 c2 01 00 00 48 8d 3d 52 dd 09 00
0x000000012fa16ba6:   48 8d 35 9e ea 08 00 31 c0 e8 94 f3 07 00 48 8b
0x000000012fa16bb6:   3d 85 19 0b 00 48 8b 35 1e f5 0a 00 48 8b 1d 67
0x000000012fa16bc6:   c9 09 00 ff d3 48 8d 3d e6 dc 09 00 48 89 c6 31 



---------------  P R O C E S S  ---------------

VM state: not at safepoint (normal execution)

VM Mutex/Monitor currently owned by a thread: None

Heap address: 0x0000000780000000, size: 2048 MB, Compressed Oops mode: Zero based, Oop shift amount: 3

CDS archive(s) mapped at: [0x0000000800000000-0x0000000800bd0000-0x0000000800bd0000), size 12386304, SharedBaseAddress: 0x0000000800000000, ArchiveRelocationMode: 0.
Compressed class space mapped at: 0x0000000800c00000-0x0000000840c00000, reserved size: 1073741824
Narrow klass base: 0x0000000800000000, Narrow klass shift: 0, Narrow klass range: 0x100000000

GC Precious Log:
<Skipped>

Heap:
 garbage-first heap   total 133120K, used 18873K [0x0000000780000000, 0x0000000800000000)
  region size 1024K, 16 young (16384K), 3 survivors (3072K)
 Metaspace       used 13997K, committed 14272K, reserved 1064960K
  class space    used 1798K, committed 1920K, reserved 1048576K

Heap Regions: E=young(eden), S=young(survivor), O=old, HS=humongous(starts), HC=humongous(continues), CS=collection set, F=free, OA=open archive, CA=closed archive, TAMS=top-at-mark-start (previous, next)
|   0|0x0000000780000000, 0x0000000780100000, 0x0000000780100000|100%|HS|  |TAMS 0x0000000780000000, 0x0000000780000000| Complete 
|   1|0x0000000780100000, 0x0000000780200000, 0x0000000780200000|100%|HC|  |TAMS 0x0000000780100000, 0x0000000780100000| Complete 
|   2|0x0000000780200000, 0x0000000780200000, 0x0000000780300000|  0%| F|  |TAMS 0x0000000780200000, 0x0000000780200000| Untracked 
|   3|0x0000000780300000, 0x0000000780300000, 0x0000000780400000|  0%| F|  |TAMS 0x0000000780300000, 0x0000000780300000| Untracked 
|   4|0x0000000780400000, 0x0000000780400000, 0x0000000780500000|  0%| F|  |TAMS 0x0000000780400000, 0x0000000780400000| Untracked 
|   5|0x0000000780500000, 0x0000000780500000, 0x0000000780600000|  0%| F|  |TAMS 0x0000000780500000, 0x0000000780500000| Untracked 
|   6|0x0000000780600000, 0x0000000780600000, 0x0000000780700000|  0%| F|  |TAMS 0x0000000780600000, 0x0000000780600000| Untracked 
|   7|0x0000000780700000, 0x0000000780700000, 0x0000000780800000|  0%| F|  |TAMS 0x0000000780700000, 0x0000000780700000| Untracked 
|   8|0x0000000780800000, 0x0000000780800000, 0x0000000780900000|  0%| F|  |TAMS 0x0000000780800000, 0x0000000780800000| Untracked 
|   9|0x0000000780900000, 0x0000000780900000, 0x0000000780a00000|  0%| F|  |TAMS 0x0000000780900000, 0x0000000780900000| Untracked 
|  10|0x0000000780a00000, 0x0000000780a00000, 0x0000000780b00000|  0%| F|  |TAMS 0x0000000780a00000, 0x0000000780a00000| Untracked 
|  11|0x0000000780b00000, 0x0000000780b00000, 0x0000000780c00000|  0%| F|  |TAMS 0x0000000780b00000, 0x0000000780b00000| Untracked 
|  12|0x0000000780c00000, 0x0000000780c00000, 0x0000000780d00000|  0%| F|  |TAMS 0x0000000780c00000, 0x0000000780c00000| Untracked 
|  13|0x0000000780d00000, 0x0000000780d00000, 0x0000000780e00000|  0%| F|  |TAMS 0x0000000780d00000, 0x0000000780d00000| Untracked 
|  14|0x0000000780e00000, 0x0000000780e00000, 0x0000000780f00000|  0%| F|  |TAMS 0x0000000780e00000, 0x0000000780e00000| Untracked 
|  15|0x0000000780f00000, 0x0000000780f00000, 0x0000000781000000|  0%| F|  |TAMS 0x0000000780f00000, 0x0000000780f00000| Untracked 
|  16|0x0000000781000000, 0x0000000781000000, 0x0000000781100000|  0%| F|  |TAMS 0x0000000781000000, 0x0000000781000000| Untracked 
|  17|0x0000000781100000, 0x0000000781100000, 0x0000000781200000|  0%| F|  |TAMS 0x0000000781100000, 0x0000000781100000| Untracked 
|  18|0x0000000781200000, 0x0000000781200000, 0x0000000781300000|  0%| F|  |TAMS 0x0000000781200000, 0x0000000781200000| Untracked 
|  19|0x0000000781300000, 0x0000000781300000, 0x0000000781400000|  0%| F|  |TAMS 0x0000000781300000, 0x0000000781300000| Untracked 
|  20|0x0000000781400000, 0x0000000781400000, 0x0000000781500000|  0%| F|  |TAMS 0x0000000781400000, 0x0000000781400000| Untracked 
|  21|0x0000000781500000, 0x0000000781500000, 0x0000000781600000|  0%| F|  |TAMS 0x0000000781500000, 0x0000000781500000| Untracked 
|  22|0x0000000781600000, 0x0000000781600000, 0x0000000781700000|  0%| F|  |TAMS 0x0000000781600000, 0x0000000781600000| Untracked 
|  23|0x0000000781700000, 0x0000000781700000, 0x0000000781800000|  0%| F|  |TAMS 0x0000000781700000, 0x0000000781700000| Untracked 
|  24|0x0000000781800000, 0x0000000781800000, 0x0000000781900000|  0%| F|  |TAMS 0x0000000781800000, 0x0000000781800000| Untracked 
|  25|0x0000000781900000, 0x0000000781900000, 0x0000000781a00000|  0%| F|  |TAMS 0x0000000781900000, 0x0000000781900000| Untracked 
|  26|0x0000000781a00000, 0x0000000781a00000, 0x0000000781b00000|  0%| F|  |TAMS 0x0000000781a00000, 0x0000000781a00000| Untracked 
|  27|0x0000000781b00000, 0x0000000781b00000, 0x0000000781c00000|  0%| F|  |TAMS 0x0000000781b00000, 0x0000000781b00000| Untracked 
|  28|0x0000000781c00000, 0x0000000781c00000, 0x0000000781d00000|  0%| F|  |TAMS 0x0000000781c00000, 0x0000000781c00000| Untracked 
|  29|0x0000000781d00000, 0x0000000781d00000, 0x0000000781e00000|  0%| F|  |TAMS 0x0000000781d00000, 0x0000000781d00000| Untracked 
|  30|0x0000000781e00000, 0x0000000781e00000, 0x0000000781f00000|  0%| F|  |TAMS 0x0000000781e00000, 0x0000000781e00000| Untracked 
|  31|0x0000000781f00000, 0x0000000781f00000, 0x0000000782000000|  0%| F|  |TAMS 0x0000000781f00000, 0x0000000781f00000| Untracked 
|  32|0x0000000782000000, 0x0000000782000000, 0x0000000782100000|  0%| F|  |TAMS 0x0000000782000000, 0x0000000782000000| Untracked 
|  33|0x0000000782100000, 0x0000000782100000, 0x0000000782200000|  0%| F|  |TAMS 0x0000000782100000, 0x0000000782100000| Untracked 
|  34|0x0000000782200000, 0x0000000782200000, 0x0000000782300000|  0%| F|  |TAMS 0x0000000782200000, 0x0000000782200000| Untracked 
|  35|0x0000000782300000, 0x0000000782300000, 0x0000000782400000|  0%| F|  |TAMS 0x0000000782300000, 0x0000000782300000| Untracked 
|  36|0x0000000782400000, 0x0000000782400000, 0x0000000782500000|  0%| F|  |TAMS 0x0000000782400000, 0x0000000782400000| Untracked 
|  37|0x0000000782500000, 0x0000000782500000, 0x0000000782600000|  0%| F|  |TAMS 0x0000000782500000, 0x0000000782500000| Untracked 
|  38|0x0000000782600000, 0x0000000782600000, 0x0000000782700000|  0%| F|  |TAMS 0x0000000782600000, 0x0000000782600000| Untracked 
|  39|0x0000000782700000, 0x0000000782700000, 0x0000000782800000|  0%| F|  |TAMS 0x0000000782700000, 0x0000000782700000| Untracked 
|  40|0x0000000782800000, 0x0000000782800000, 0x0000000782900000|  0%| F|  |TAMS 0x0000000782800000, 0x0000000782800000| Untracked 
|  41|0x0000000782900000, 0x0000000782900000, 0x0000000782a00000|  0%| F|  |TAMS 0x0000000782900000, 0x0000000782900000| Untracked 
|  42|0x0000000782a00000, 0x0000000782a00000, 0x0000000782b00000|  0%| F|  |TAMS 0x0000000782a00000, 0x0000000782a00000| Untracked 
|  43|0x0000000782b00000, 0x0000000782b00000, 0x0000000782c00000|  0%| F|  |TAMS 0x0000000782b00000, 0x0000000782b00000| Untracked 
|  44|0x0000000782c00000, 0x0000000782c00000, 0x0000000782d00000|  0%| F|  |TAMS 0x0000000782c00000, 0x0000000782c00000| Untracked 
|  45|0x0000000782d00000, 0x0000000782d00000, 0x0000000782e00000|  0%| F|  |TAMS 0x0000000782d00000, 0x0000000782d00000| Untracked 
|  46|0x0000000782e00000, 0x0000000782e00000, 0x0000000782f00000|  0%| F|  |TAMS 0x0000000782e00000, 0x0000000782e00000| Untracked 
|  47|0x0000000782f00000, 0x0000000782f00000, 0x0000000783000000|  0%| F|  |TAMS 0x0000000782f00000, 0x0000000782f00000| Untracked 
|  48|0x0000000783000000, 0x0000000783000000, 0x0000000783100000|  0%| F|  |TAMS 0x0000000783000000, 0x0000000783000000| Untracked 
|  49|0x0000000783100000, 0x0000000783100000, 0x0000000783200000|  0%| F|  |TAMS 0x0000000783100000, 0x0000000783100000| Untracked 
|  50|0x0000000783200000, 0x0000000783200000, 0x0000000783300000|  0%| F|  |TAMS 0x0000000783200000, 0x0000000783200000| Untracked 
|  51|0x0000000783300000, 0x0000000783300000, 0x0000000783400000|  0%| F|  |TAMS 0x0000000783300000, 0x0000000783300000| Untracked 
|  52|0x0000000783400000, 0x0000000783400000, 0x0000000783500000|  0%| F|  |TAMS 0x0000000783400000, 0x0000000783400000| Untracked 
|  53|0x0000000783500000, 0x0000000783500000, 0x0000000783600000|  0%| F|  |TAMS 0x0000000783500000, 0x0000000783500000| Untracked 
|  54|0x0000000783600000, 0x0000000783600000, 0x0000000783700000|  0%| F|  |TAMS 0x0000000783600000, 0x0000000783600000| Untracked 
|  55|0x0000000783700000, 0x0000000783700000, 0x0000000783800000|  0%| F|  |TAMS 0x0000000783700000, 0x0000000783700000| Untracked 
|  56|0x0000000783800000, 0x0000000783800000, 0x0000000783900000|  0%| F|  |TAMS 0x0000000783800000, 0x0000000783800000| Untracked 
|  57|0x0000000783900000, 0x0000000783900000, 0x0000000783a00000|  0%| F|  |TAMS 0x0000000783900000, 0x0000000783900000| Untracked 
|  58|0x0000000783a00000, 0x0000000783a00000, 0x0000000783b00000|  0%| F|  |TAMS 0x0000000783a00000, 0x0000000783a00000| Untracked 
|  59|0x0000000783b00000, 0x0000000783b00000, 0x0000000783c00000|  0%| F|  |TAMS 0x0000000783b00000, 0x0000000783b00000| Untracked 
|  60|0x0000000783c00000, 0x0000000783c00000, 0x0000000783d00000|  0%| F|  |TAMS 0x0000000783c00000, 0x0000000783c00000| Untracked 
|  61|0x0000000783d00000, 0x0000000783d00000, 0x0000000783e00000|  0%| F|  |TAMS 0x0000000783d00000, 0x0000000783d00000| Untracked 
|  62|0x0000000783e00000, 0x0000000783e00000, 0x0000000783f00000|  0%| F|  |TAMS 0x0000000783e00000, 0x0000000783e00000| Untracked 
|  63|0x0000000783f00000, 0x0000000783f00000, 0x0000000784000000|  0%| F|  |TAMS 0x0000000783f00000, 0x0000000783f00000| Untracked 
|  64|0x0000000784000000, 0x0000000784000000, 0x0000000784100000|  0%| F|  |TAMS 0x0000000784000000, 0x0000000784000000| Untracked 
|  65|0x0000000784100000, 0x0000000784100000, 0x0000000784200000|  0%| F|  |TAMS 0x0000000784100000, 0x0000000784100000| Untracked 
|  66|0x0000000784200000, 0x0000000784200000, 0x0000000784300000|  0%| F|  |TAMS 0x0000000784200000, 0x0000000784200000| Untracked 
|  67|0x0000000784300000, 0x0000000784300000, 0x0000000784400000|  0%| F|  |TAMS 0x0000000784300000, 0x0000000784300000| Untracked 
|  68|0x0000000784400000, 0x0000000784400000, 0x0000000784500000|  0%| F|  |TAMS 0x0000000784400000, 0x0000000784400000| Untracked 
|  69|0x0000000784500000, 0x0000000784500000, 0x0000000784600000|  0%| F|  |TAMS 0x0000000784500000, 0x0000000784500000| Untracked 
|  70|0x0000000784600000, 0x0000000784600000, 0x0000000784700000|  0%| F|  |TAMS 0x0000000784600000, 0x0000000784600000| Untracked 
|  71|0x0000000784700000, 0x0000000784700000, 0x0000000784800000|  0%| F|  |TAMS 0x0000000784700000, 0x0000000784700000| Untracked 
|  72|0x0000000784800000, 0x0000000784800000, 0x0000000784900000|  0%| F|  |TAMS 0x0000000784800000, 0x0000000784800000| Untracked 
|  73|0x0000000784900000, 0x0000000784900000, 0x0000000784a00000|  0%| F|  |TAMS 0x0000000784900000, 0x0000000784900000| Untracked 
|  74|0x0000000784a00000, 0x0000000784a00000, 0x0000000784b00000|  0%| F|  |TAMS 0x0000000784a00000, 0x0000000784a00000| Untracked 
|  75|0x0000000784b00000, 0x0000000784b00000, 0x0000000784c00000|  0%| F|  |TAMS 0x0000000784b00000, 0x0000000784b00000| Untracked 
|  76|0x0000000784c00000, 0x0000000784c00000, 0x0000000784d00000|  0%| F|  |TAMS 0x0000000784c00000, 0x0000000784c00000| Untracked 
|  77|0x0000000784d00000, 0x0000000784d00000, 0x0000000784e00000|  0%| F|  |TAMS 0x0000000784d00000, 0x0000000784d00000| Untracked 
|  78|0x0000000784e00000, 0x0000000784e00000, 0x0000000784f00000|  0%| F|  |TAMS 0x0000000784e00000, 0x0000000784e00000| Untracked 
|  79|0x0000000784f00000, 0x0000000784f00000, 0x0000000785000000|  0%| F|  |TAMS 0x0000000784f00000, 0x0000000784f00000| Untracked 
|  80|0x0000000785000000, 0x0000000785000000, 0x0000000785100000|  0%| F|  |TAMS 0x0000000785000000, 0x0000000785000000| Untracked 
|  81|0x0000000785100000, 0x0000000785100000, 0x0000000785200000|  0%| F|  |TAMS 0x0000000785100000, 0x0000000785100000| Untracked 
|  82|0x0000000785200000, 0x0000000785200000, 0x0000000785300000|  0%| F|  |TAMS 0x0000000785200000, 0x0000000785200000| Untracked 
|  83|0x0000000785300000, 0x0000000785300000, 0x0000000785400000|  0%| F|  |TAMS 0x0000000785300000, 0x0000000785300000| Untracked 
|  84|0x0000000785400000, 0x0000000785400000, 0x0000000785500000|  0%| F|  |TAMS 0x0000000785400000, 0x0000000785400000| Untracked 
|  85|0x0000000785500000, 0x0000000785500000, 0x0000000785600000|  0%| F|  |TAMS 0x0000000785500000, 0x0000000785500000| Untracked 
|  86|0x0000000785600000, 0x0000000785600000, 0x0000000785700000|  0%| F|  |TAMS 0x0000000785600000, 0x0000000785600000| Untracked 
|  87|0x0000000785700000, 0x0000000785700000, 0x0000000785800000|  0%| F|  |TAMS 0x0000000785700000, 0x0000000785700000| Untracked 
|  88|0x0000000785800000, 0x0000000785800000, 0x0000000785900000|  0%| F|  |TAMS 0x0000000785800000, 0x0000000785800000| Untracked 
|  89|0x0000000785900000, 0x0000000785900000, 0x0000000785a00000|  0%| F|  |TAMS 0x0000000785900000, 0x0000000785900000| Untracked 
|  90|0x0000000785a00000, 0x0000000785a00000, 0x0000000785b00000|  0%| F|  |TAMS 0x0000000785a00000, 0x0000000785a00000| Untracked 
|  91|0x0000000785b00000, 0x0000000785b00000, 0x0000000785c00000|  0%| F|  |TAMS 0x0000000785b00000, 0x0000000785b00000| Untracked 
|  92|0x0000000785c00000, 0x0000000785c00000, 0x0000000785d00000|  0%| F|  |TAMS 0x0000000785c00000, 0x0000000785c00000| Untracked 
|  93|0x0000000785d00000, 0x0000000785d00000, 0x0000000785e00000|  0%| F|  |TAMS 0x0000000785d00000, 0x0000000785d00000| Untracked 
|  94|0x0000000785e00000, 0x0000000785e00000, 0x0000000785f00000|  0%| F|  |TAMS 0x0000000785e00000, 0x0000000785e00000| Untracked 
|  95|0x0000000785f00000, 0x0000000785f00000, 0x0000000786000000|  0%| F|  |TAMS 0x0000000785f00000, 0x0000000785f00000| Untracked 
|  96|0x0000000786000000, 0x0000000786000000, 0x0000000786100000|  0%| F|  |TAMS 0x0000000786000000, 0x0000000786000000| Untracked 
|  97|0x0000000786100000, 0x0000000786100000, 0x0000000786200000|  0%| F|  |TAMS 0x0000000786100000, 0x0000000786100000| Untracked 
|  98|0x0000000786200000, 0x0000000786200000, 0x0000000786300000|  0%| F|  |TAMS 0x0000000786200000, 0x0000000786200000| Untracked 
|  99|0x0000000786300000, 0x0000000786300000, 0x0000000786400000|  0%| F|  |TAMS 0x0000000786300000, 0x0000000786300000| Untracked 
| 100|0x0000000786400000, 0x0000000786400000, 0x0000000786500000|  0%| F|  |TAMS 0x0000000786400000, 0x0000000786400000| Untracked 
| 101|0x0000000786500000, 0x0000000786500000, 0x0000000786600000|  0%| F|  |TAMS 0x0000000786500000, 0x0000000786500000| Untracked 
| 102|0x0000000786600000, 0x00000007866f8ca0, 0x0000000786700000| 97%| S|CS|TAMS 0x0000000786600000, 0x0000000786600000| Complete 
| 103|0x0000000786700000, 0x0000000786800000, 0x0000000786800000|100%| S|CS|TAMS 0x0000000786700000, 0x0000000786700000| Complete 
| 104|0x0000000786800000, 0x0000000786900000, 0x0000000786900000|100%| S|CS|TAMS 0x0000000786800000, 0x0000000786800000| Complete 
| 105|0x0000000786900000, 0x0000000786900000, 0x0000000786a00000|  0%| F|  |TAMS 0x0000000786900000, 0x0000000786900000| Untracked 
| 106|0x0000000786a00000, 0x0000000786a00000, 0x0000000786b00000|  0%| F|  |TAMS 0x0000000786a00000, 0x0000000786a00000| Untracked 
| 107|0x0000000786b00000, 0x0000000786b00000, 0x0000000786c00000|  0%| F|  |TAMS 0x0000000786b00000, 0x0000000786b00000| Untracked 
| 108|0x0000000786c00000, 0x0000000786c00000, 0x0000000786d00000|  0%| F|  |TAMS 0x0000000786c00000, 0x0000000786c00000| Untracked 
| 109|0x0000000786d00000, 0x0000000786d00000, 0x0000000786e00000|  0%| F|  |TAMS 0x0000000786d00000, 0x0000000786d00000| Untracked 
| 110|0x0000000786e00000, 0x0000000786e00000, 0x0000000786f00000|  0%| F|  |TAMS 0x0000000786e00000, 0x0000000786e00000| Untracked 
| 111|0x0000000786f00000, 0x0000000786f00000, 0x0000000787000000|  0%| F|  |TAMS 0x0000000786f00000, 0x0000000786f00000| Untracked 
| 112|0x0000000787000000, 0x0000000787000000, 0x0000000787100000|  0%| F|  |TAMS 0x0000000787000000, 0x0000000787000000| Untracked 
| 113|0x0000000787100000, 0x0000000787100000, 0x0000000787200000|  0%| F|  |TAMS 0x0000000787100000, 0x0000000787100000| Untracked 
| 114|0x0000000787200000, 0x0000000787200000, 0x0000000787300000|  0%| F|  |TAMS 0x0000000787200000, 0x0000000787200000| Untracked 
| 115|0x0000000787300000, 0x0000000787381a90, 0x0000000787400000| 50%| E|  |TAMS 0x0000000787300000, 0x0000000787300000| Complete 
| 116|0x0000000787400000, 0x0000000787500000, 0x0000000787500000|100%| E|CS|TAMS 0x0000000787400000, 0x0000000787400000| Complete 
| 117|0x0000000787500000, 0x0000000787600000, 0x0000000787600000|100%| E|CS|TAMS 0x0000000787500000, 0x0000000787500000| Complete 
| 118|0x0000000787600000, 0x0000000787700000, 0x0000000787700000|100%| E|CS|TAMS 0x0000000787600000, 0x0000000787600000| Complete 
| 119|0x0000000787700000, 0x0000000787800000, 0x0000000787800000|100%| E|CS|TAMS 0x0000000787700000, 0x0000000787700000| Complete 
| 120|0x0000000787800000, 0x0000000787900000, 0x0000000787900000|100%| E|CS|TAMS 0x0000000787800000, 0x0000000787800000| Complete 
| 121|0x0000000787900000, 0x0000000787a00000, 0x0000000787a00000|100%| E|CS|TAMS 0x0000000787900000, 0x0000000787900000| Complete 
| 122|0x0000000787a00000, 0x0000000787b00000, 0x0000000787b00000|100%| E|CS|TAMS 0x0000000787a00000, 0x0000000787a00000| Complete 
| 123|0x0000000787b00000, 0x0000000787c00000, 0x0000000787c00000|100%| E|CS|TAMS 0x0000000787b00000, 0x0000000787b00000| Complete 
| 124|0x0000000787c00000, 0x0000000787d00000, 0x0000000787d00000|100%| E|CS|TAMS 0x0000000787c00000, 0x0000000787c00000| Complete 
| 125|0x0000000787d00000, 0x0000000787e00000, 0x0000000787e00000|100%| E|CS|TAMS 0x0000000787d00000, 0x0000000787d00000| Complete 
| 126|0x0000000787e00000, 0x0000000787f00000, 0x0000000787f00000|100%| E|CS|TAMS 0x0000000787e00000, 0x0000000787e00000| Complete 
| 127|0x0000000787f00000, 0x0000000788000000, 0x0000000788000000|100%| E|CS|TAMS 0x0000000787f00000, 0x0000000787f00000| Complete 
|2046|0x00000007ffe00000, 0x00000007ffe75000, 0x00000007fff00000| 45%|OA|  |TAMS 0x00000007ffe00000, 0x00000007ffe00000| Untracked 
|2047|0x00000007fff00000, 0x00000007fff7f000, 0x0000000800000000| 49%|CA|  |TAMS 0x00000007fff00000, 0x00000007fff00000| Untracked 

Card table byte_map: [0x0000000109904000,0x0000000109d04000] _byte_map_base: 0x0000000105d04000

Marking Bits (Prev, Next): (CMBitMap*) 0x00007f7a2e82bc10, (CMBitMap*) 0x00007f7a2e82bc50
 Prev Bits: [0x0000000123124000, 0x0000000125124000)
 Next Bits: [0x0000000125124000, 0x0000000127124000)

Polling page: 0x0000000100b3b000

Metaspace:

Usage:
  Non-class:     11.91 MB used.
      Class:      1.76 MB used.
       Both:     13.67 MB used.

Virtual space:
  Non-class space:       16.00 MB reserved,      12.06 MB ( 75%) committed,  2 nodes.
      Class space:        1.00 GB reserved,       1.88 MB ( <1%) committed,  1 nodes.
             Both:        1.02 GB reserved,      13.94 MB (  1%) committed. 

Chunk freelists:
   Non-Class:  3.73 MB
       Class:  2.02 MB
        Both:  5.76 MB

MaxMetaspaceSize: unlimited
CompressedClassSpaceSize: 1.00 GB
Initial GC threshold: 21.00 MB
Current GC threshold: 21.00 MB
CDS: on
MetaspaceReclaimPolicy: balanced
 - commit_granule_bytes: 65536.
 - commit_granule_words: 8192.
 - virtual_space_node_default_size: 1048576.
 - enlarge_chunks_in_place: 1.
 - new_chunks_are_fully_committed: 0.
 - uncommit_free_chunks: 1.
 - use_allocation_guard: 0.
 - handle_deallocations: 1.


Internal statistics:

num_allocs_failed_limit: 0.
num_arena_births: 166.
num_arena_deaths: 0.
num_vsnodes_births: 3.
num_vsnodes_deaths: 0.
num_space_committed: 223.
num_space_uncommitted: 0.
num_chunks_returned_to_freelist: 0.
num_chunks_taken_from_freelist: 454.
num_chunk_merges: 0.
num_chunk_splits: 314.
num_chunks_enlarged: 246.
num_purges: 0.
num_inconsistent_stats: 0.

CodeHeap 'non-profiled nmethods': size=120028Kb used=416Kb max_used=416Kb free=119612Kb
 bounds [0x000000011bbed000, 0x000000011be5d000, 0x0000000123124000]
CodeHeap 'profiled nmethods': size=120028Kb used=2266Kb max_used=2266Kb free=117761Kb
 bounds [0x00000001146b6000, 0x0000000114926000, 0x000000011bbed000]
CodeHeap 'non-nmethods': size=5704Kb used=1434Kb max_used=1448Kb free=4270Kb
 bounds [0x0000000114124000, 0x0000000114394000, 0x00000001146b6000]
 total_blobs=2097 nmethods=1285 adapters=727
 compilation: enabled
              stopped_count=0, restarted_count=0
 full_count=0

Compilation events (20 events):
Event: 3.238 Thread 0x00007f7a2e846600 1265       3       java.lang.Enum::equals (11 bytes)
Event: 3.238 Thread 0x00007f7a2e846600 nmethod 1265 0x00000001148e5710 code [0x00000001148e58a0, 0x00000001148e5a10]
Event: 3.251 Thread 0x00007f7a2e846600 1271       3       sun.invoke.util.Wrapper::isSubwordOrInt (20 bytes)
Event: 3.251 Thread 0x00007f7a2e846600 nmethod 1271 0x00000001148e5a90 code [0x00000001148e5c60, 0x00000001148e6070]
Event: 3.251 Thread 0x00007f7a2e846600 1272       3       sun.invoke.util.Wrapper::isIntegral (23 bytes)
Event: 3.251 Thread 0x00007f7a2f00ee00 1274       4       java.lang.String::hashCode (60 bytes)
Event: 3.251 Thread 0x00007f7a2e846600 nmethod 1272 0x00000001148e6190 code [0x00000001148e6340, 0x00000001148e6590]
Event: 3.251 Thread 0x00007f7a2e846600 1273       3       sun.invoke.util.Wrapper::isNumeric (16 bytes)
Event: 3.251 Thread 0x00007f7a2e846600 nmethod 1273 0x00000001148e6610 code [0x00000001148e67a0, 0x00000001148e6910]
Event: 3.251 Thread 0x00007f7a2e846600 1275       3       sun.invoke.util.Wrapper::isDoubleWord (15 bytes)
Event: 3.251 Thread 0x00007f7a2e846600 nmethod 1275 0x00000001148e6990 code [0x00000001148e6b20, 0x00000001148e6c90]
Event: 3.251 Thread 0x00007f7a2e846600 1277       3       java.lang.invoke.LambdaForm$NamedFunction::member (26 bytes)
Event: 3.251 Thread 0x00007f7a2e846600 nmethod 1277 0x00000001148e6d10 code [0x00000001148e6ea0, 0x00000001148e6fb0]
Event: 3.251 Thread 0x00007f7a2e846600 1281       3       java.lang.invoke.InvokerBytecodeGenerator::emitPushArguments (45 bytes)
Event: 3.251 Thread 0x00007f7a2e846600 nmethod 1281 0x00000001148e7010 code [0x00000001148e7200, 0x00000001148e7690]
Event: 3.252 Thread 0x00007f7a2e846600 1278       3       java.lang.invoke.InvokerBytecodeGenerator::isStaticallyInvocable (165 bytes)
Event: 3.252 Thread 0x00007f7a2e846600 nmethod 1278 0x00000001148e7910 code [0x00000001148e7d40, 0x00000001148e99e0]
Event: 3.252 Thread 0x00007f7a2e846600 1279       3       java.lang.invoke.MemberName::isPrivate (8 bytes)
Event: 3.253 Thread 0x00007f7a2e846600 nmethod 1279 0x00000001148ea110 code [0x00000001148ea2c0, 0x00000001148ea490]
Event: 3.253 Thread 0x00007f7a2e846600 1280       3       java.lang.invoke.InvokerBytecodeGenerator::emitStaticInvoke (258 bytes)

GC Heap History (2 events):
Event: 0.921 GC heap before
{Heap before GC invocations=0 (full 0):
 garbage-first heap   total 133120K, used 25552K [0x0000000780000000, 0x0000000800000000)
  region size 1024K, 23 young (23552K), 0 survivors (0K)
 Metaspace       used 7951K, committed 8128K, reserved 1056768K
  class space    used 1024K, committed 1088K, reserved 1048576K
}
Event: 0.942 GC heap after
{Heap after GC invocations=1 (full 0):
 garbage-first heap   total 133120K, used 6067K [0x0000000780000000, 0x0000000800000000)
  region size 1024K, 3 young (3072K), 3 survivors (3072K)
 Metaspace       used 7951K, committed 8128K, reserved 1056768K
  class space    used 1024K, committed 1088K, reserved 1048576K
}

Deoptimization events (20 events):
Event: 1.198 Thread 0x00007f7a2d83d600 Uncommon trap: trap_request=0xffffff45 fr.pc=0x000000011bbff638 relative=0x0000000000000098
Event: 1.198 Thread 0x00007f7a2d83d600 Uncommon trap: reason=unstable_if action=reinterpret pc=0x000000011bbff638 method=java.util.HashMap.hash(Ljava/lang/Object;)I @ 1 c2
Event: 1.198 Thread 0x00007f7a2d83d600 DEOPT PACKING pc=0x000000011bbff638 sp=0x000000030576c330
Event: 1.198 Thread 0x00007f7a2d83d600 DEOPT UNPACKING pc=0x0000000114176093 sp=0x000000030576c2e8 mode 2
Event: 1.199 Thread 0x00007f7a2f256800 Uncommon trap: trap_request=0xffffff45 fr.pc=0x000000011bbf7a1c relative=0x00000000000000fc
Event: 1.199 Thread 0x00007f7a2f256800 Uncommon trap: reason=unstable_if action=reinterpret pc=0x000000011bbf7a1c method=java.lang.StringLatin1.lastIndexOf([BI[BII)I @ 86 c2
Event: 1.199 Thread 0x00007f7a2f256800 DEOPT PACKING pc=0x000000011bbf7a1c sp=0x0000000307a7eb10
Event: 1.199 Thread 0x00007f7a2f256800 DEOPT UNPACKING pc=0x0000000114176093 sp=0x0000000307a7ea88 mode 2
Event: 1.294 Thread 0x00007f7a2d83d600 Uncommon trap: trap_request=0xffffff45 fr.pc=0x000000011bbf6568 relative=0x0000000000000048
Event: 1.294 Thread 0x00007f7a2d83d600 Uncommon trap: reason=unstable_if action=reinterpret pc=0x000000011bbf6568 method=java.lang.CharacterData.of(I)Ljava/lang/CharacterData; @ 4 c2
Event: 1.294 Thread 0x00007f7a2d83d600 DEOPT PACKING pc=0x000000011bbf6568 sp=0x000000030576c870
Event: 1.294 Thread 0x00007f7a2d83d600 DEOPT UNPACKING pc=0x0000000114176093 sp=0x000000030576c830 mode 2
Event: 1.296 Thread 0x00007f7a2d83d600 Uncommon trap: trap_request=0xffffff45 fr.pc=0x000000011bbf75c4 relative=0x00000000000001a4
Event: 1.296 Thread 0x00007f7a2d83d600 Uncommon trap: reason=unstable_if action=reinterpret pc=0x000000011bbf75c4 method=java.lang.String.isLatin1()Z @ 10 c2
Event: 1.296 Thread 0x00007f7a2d83d600 DEOPT PACKING pc=0x000000011bbf75c4 sp=0x000000030576c950
Event: 1.296 Thread 0x00007f7a2d83d600 DEOPT UNPACKING pc=0x0000000114176093 sp=0x000000030576c8a0 mode 2
Event: 1.323 Thread 0x00007f7a2d83d600 Uncommon trap: trap_request=0xffffff45 fr.pc=0x000000011bbfb0b8 relative=0x0000000000000038
Event: 1.323 Thread 0x00007f7a2d83d600 Uncommon trap: reason=unstable_if action=reinterpret pc=0x000000011bbfb0b8 method=java.lang.StringLatin1.canEncode(I)Z @ 4 c2
Event: 1.323 Thread 0x00007f7a2d83d600 DEOPT PACKING pc=0x000000011bbfb0b8 sp=0x000000030576b860
Event: 1.323 Thread 0x00007f7a2d83d600 DEOPT UNPACKING pc=0x0000000114176093 sp=0x000000030576b810 mode 2

Classes unloaded (0 events):
No events

Classes redefined (0 events):
No events

Internal exceptions (20 events):
Event: 0.718 Thread 0x00007f7a2d83d600 Exception <a 'java/lang/NoSuchMethodError'{0x0000000786f2a060}: 'java.lang.Object java.lang.invoke.DirectMethodHandle$Holder.invokeStaticInit(java.lang.Object, java.lang.Object, java.lang.Object, java.lang.Object)'> (0x0000000786f2a060) 
thrown [open/src/hotspot/share/interpreter/linkResolver.cpp, line 766]
Event: 0.721 Thread 0x00007f7a2d83d600 Exception <a 'java/lang/NullPointerException'{0x0000000786f35b10}> (0x0000000786f35b10) 
thrown [open/src/hotspot/share/interpreter/linkResolver.cpp, line 1357]
Event: 0.756 Thread 0x00007f7a2d83d600 Exception <a 'sun/nio/fs/UnixException'{0x0000000786d75b98}> (0x0000000786d75b98) 
thrown [open/src/hotspot/share/prims/jni.cpp, line 516]
Event: 0.877 Thread 0x00007f7a2d83d600 Exception <a 'java/lang/ClassNotFoundException'{0x00000007869d1410}: sun/awt/resources/spi/awtProvider> (0x00000007869d1410) 
thrown [open/src/hotspot/share/classfile/systemDictionary.cpp, line 256]
Event: 0.889 Thread 0x00007f7a2d83d600 Exception <a 'java/io/FileNotFoundException'{0x00000007869e0778}> (0x00000007869e0778) 
thrown [open/src/hotspot/share/prims/jni.cpp, line 516]
Event: 0.890 Thread 0x00007f7a2d83d600 Exception <a 'java/io/FileNotFoundException'{0x00000007869e19b8}> (0x00000007869e19b8) 
thrown [open/src/hotspot/share/prims/jni.cpp, line 516]
Event: 0.899 Thread 0x00007f7a2d83d600 Exception <a 'java/lang/ClassNotFoundException'{0x00000007869ead10}: sun/awt/resources/spi/awtosxProvider> (0x00000007869ead10) 
thrown [open/src/hotspot/share/classfile/systemDictionary.cpp, line 256]
Event: 0.957 Thread 0x00007f7a2f23ae00 Exception <a 'java/lang/NoSuchMethodError'{0x0000000787f0ef80}: 'java.lang.Object java.lang.invoke.DirectMethodHandle$Holder.newInvokeSpecial(java.lang.Object, java.lang.Object, java.lang.Object, int, int, int, int, int)'> (0x0000000787f0ef80) 
thrown [open/src/hotspot/share/interpreter/linkResolver.cpp, line 766]
Event: 1.114 Thread 0x00007f7a2d83d600 Exception <a 'java/lang/NoSuchMethodError'{0x0000000787daf5b0}: 'java.lang.Object java.lang.invoke.DirectMethodHandle$Holder.invokeStatic(java.lang.Object, int, java.lang.Object, java.lang.Object, java.lang.Object, java.lang.Object)'> (0x0000000787daf5b0) 
thrown [open/src/hotspot/share/interpreter/linkResolver.cpp, line 766]
Event: 1.124 Thread 0x00007f7a2d83d600 Exception <a 'java/lang/NoSuchMethodError'{0x0000000787dd9240}: 'java.lang.Object java.lang.invoke.DirectMethodHandle$Holder.invokeStatic(java.lang.Object, int, java.lang.Object)'> (0x0000000787dd9240) 
thrown [open/src/hotspot/share/interpreter/linkResolver.cpp, line 766]
Event: 1.131 Thread 0x00007f7a2d83d600 Exception <a 'java/lang/ClassNotFoundException'{0x0000000787c0a0e8}: com/apple/laf/resources/spi/aquaProvider> (0x0000000787c0a0e8) 
thrown [open/src/hotspot/share/classfile/systemDictionary.cpp, line 256]
Event: 1.172 Thread 0x00007f7a2d83d600 Exception <a 'java/lang/ClassNotFoundException'{0x0000000787c79118}: com/sun/swing/internal/plaf/basic/resources/spi/basicProvider> (0x0000000787c79118) 
thrown [open/src/hotspot/share/classfile/systemDictionary.cpp, line 256]
Event: 1.190 Thread 0x00007f7a2d83d600 Implicit null exception at 0x000000011bc3bedb to 0x000000011bc3cbe8
Event: 1.198 Thread 0x00007f7a2d83d600 Implicit null exception at 0x000000011bbff5af to 0x000000011bbff629
Event: 1.381 Thread 0x00007f7a2d83d600 Exception <a 'java/lang/NoSuchMethodError'{0x0000000787731218}: 'java.lang.Object java.lang.invoke.DirectMethodHandle$Holder.newInvokeSpecial(java.lang.Object, java.lang.Object, int)'> (0x0000000787731218) 
thrown [open/src/hotspot/share/interpreter/linkResolver.cpp, line 766]
Event: 1.446 Thread 0x00007f7a2f018200 Exception <a 'java/lang/NoSuchMethodError'{0x00000007876e6d00}: 'int java.lang.invoke.DirectMethodHandle$Holder.invokeStaticInit(java.lang.Object, java.lang.Object)'> (0x00000007876e6d00) 
thrown [open/src/hotspot/share/interpreter/linkResolver.cpp, line 766]
Event: 3.241 Thread 0x00007f7a2e96c400 Exception <a 'java/lang/NoSuchMethodError'{0x000000078733f300}: 'java.lang.Object java.lang.invoke.DirectMethodHandle$Holder.newInvokeSpecial(java.lang.Object, java.lang.Object, java.lang.Object, int, java.lang.Object)'> (0x000000078733f300) 
thrown [open/src/hotspot/share/interpreter/linkResolver.cpp, line 766]
Event: 3.241 Thread 0x00007f7a2e96c400 Exception <a 'java/lang/NoSuchMethodError'{0x0000000787346ec0}: 'java.lang.Object java.lang.invoke.Invokers$Holder.linkToTargetMethod(java.lang.Object, java.lang.Object, int, java.lang.Object, java.lang.Object)'> (0x0000000787346ec0) 
thrown [open/src/hotspot/share/interpreter/linkResolver.cpp, line 766]
Event: 3.252 Thread 0x00007f7a2e96c400 Exception <a 'java/lang/NoSuchMethodError'{0x00000007873587d0}: 'java.lang.Object java.lang.invoke.Invokers$Holder.linkToTargetMethod(int, int, int, int, java.lang.Object)'> (0x00000007873587d0) 
thrown [open/src/hotspot/share/interpreter/linkResolver.cpp, line 766]
Event: 3.253 Thread 0x00007f7a2e96c400 Exception <a 'java/lang/NoSuchMethodError'{0x000000078735c468}: 'void java.lang.invoke.DirectMethodHandle$Holder.invokeStatic(java.lang.Object, java.lang.Object, long)'> (0x000000078735c468) 
thrown [open/src/hotspot/share/interpreter/linkResolver.cpp, line 766]

VM Operations (18 events):
Event: 0.194 Executing VM operation: HandshakeAllThreads
Event: 0.194 Executing VM operation: HandshakeAllThreads done
Event: 0.194 Executing VM operation: HandshakeAllThreads
Event: 0.194 Executing VM operation: HandshakeAllThreads done
Event: 0.230 Executing VM operation: HandshakeAllThreads
Event: 0.230 Executing VM operation: HandshakeAllThreads done
Event: 0.916 Executing VM operation: G1CollectForAllocation
Event: 0.943 Executing VM operation: G1CollectForAllocation done
Event: 1.033 Executing VM operation: HandshakeAllThreads
Event: 1.033 Executing VM operation: HandshakeAllThreads done
Event: 1.050 Executing VM operation: HandshakeAllThreads
Event: 1.050 Executing VM operation: HandshakeAllThreads done
Event: 1.070 Executing VM operation: HandshakeAllThreads
Event: 1.070 Executing VM operation: HandshakeAllThreads done
Event: 1.295 Executing VM operation: HandshakeAllThreads
Event: 1.295 Executing VM operation: HandshakeAllThreads done
Event: 2.300 Executing VM operation: Cleanup
Event: 2.304 Executing VM operation: Cleanup done

Events (20 events):
Event: 3.237 loading class jdk/internal/reflect/UnsafeObjectFieldAccessorImpl
Event: 3.237 loading class jdk/internal/reflect/UnsafeObjectFieldAccessorImpl done
Event: 3.237 loading class sun/lwawt/LWComponentPeer$3
Event: 3.237 loading class sun/lwawt/LWComponentPeer$3 done
Event: 3.237 loading class sun/lwawt/macosx/CPlatformView
Event: 3.238 loading class sun/lwawt/macosx/CPlatformView done
Event: 3.238 loading class java/awt/Dialog
Event: 3.238 loading class java/awt/Dialog done
Event: 3.238 loading class sun/lwawt/macosx/CPlatformResponder
Event: 3.238 loading class sun/lwawt/macosx/CPlatformResponder done
Event: 3.238 loading class sun/lwawt/macosx/CPlatformResponder$DeltaAccumulator
Event: 3.238 loading class sun/lwawt/macosx/CPlatformResponder$DeltaAccumulator done
Event: 3.238 loading class sun/java2d/opengl/CGLLayer
Event: 3.238 loading class sun/lwawt/macosx/CFLayer
Event: 3.238 loading class sun/lwawt/macosx/CFLayer done
Event: 3.238 loading class sun/java2d/opengl/CGLLayer done
Event: 3.240 loading class sun/lwawt/macosx/CFRetainedResource$CFNativeAction
Event: 3.240 loading class sun/lwawt/macosx/CFRetainedResource$CFNativeAction done
Event: 3.246 loading class sun/lwawt/macosx/CPlatformWindow$15
Event: 3.246 loading class sun/lwawt/macosx/CPlatformWindow$15 done


Dynamic libraries:
0x000000010916d000 	/Users/illuha2uha/Library/Java/JavaVirtualMachines/openjdk-17/Contents/Home/lib/libjli.dylib
0x00007ff82427e000 	/usr/lib/libz.1.dylib
0x00007ff824364000 	/usr/lib/libSystem.B.dylib
0x00007ff82435f000 	/usr/lib/system/libcache.dylib
0x00007ff82431b000 	/usr/lib/system/libcommonCrypto.dylib
0x00007ff824344000 	/usr/lib/system/libcompiler_rt.dylib
0x00007ff82433a000 	/usr/lib/system/libcopyfile.dylib
0x00007ff818ece000 	/usr/lib/system/libcorecrypto.dylib
0x00007ff818f8d000 	/usr/lib/system/libdispatch.dylib
0x00007ff81914f000 	/usr/lib/system/libdyld.dylib
0x00007ff824356000 	/usr/lib/system/libkeymgr.dylib
0x00007ff8242f9000 	/usr/lib/system/libmacho.dylib
0x00007ff82398a000 	/usr/lib/system/libquarantine.dylib
0x00007ff824354000 	/usr/lib/system/libremovefile.dylib
0x00007ff81dfcd000 	/usr/lib/system/libsystem_asl.dylib
0x00007ff818e7c000 	/usr/lib/system/libsystem_blocks.dylib
0x00007ff819014000 	/usr/lib/system/libsystem_c.dylib
0x00007ff82434c000 	/usr/lib/system/libsystem_collections.dylib
0x00007ff822bc0000 	/usr/lib/system/libsystem_configuration.dylib
0x00007ff821e80000 	/usr/lib/system/libsystem_containermanager.dylib
0x00007ff824032000 	/usr/lib/system/libsystem_coreservices.dylib
0x00007ff81b69b000 	/usr/lib/system/libsystem_darwin.dylib
0x00007ff824357000 	/usr/lib/system/libsystem_dnssd.dylib
0x00007ff819011000 	/usr/lib/system/libsystem_featureflags.dylib
0x00007ff819165000 	/usr/lib/system/libsystem_info.dylib
0x00007ff824291000 	/usr/lib/system/libsystem_m.dylib
0x00007ff818f61000 	/usr/lib/system/libsystem_malloc.dylib
0x00007ff81df6a000 	/usr/lib/system/libsystem_networkextension.dylib
0x00007ff81bac3000 	/usr/lib/system/libsystem_notify.dylib
0x00007ff82a551000 	/usr/lib/system/libsystem_product_info_filter.dylib
0x00007ff822bc4000 	/usr/lib/system/libsystem_sandbox.dylib
0x00007ff824351000 	/usr/lib/system/libsystem_secinit.dylib
0x00007ff81910c000 	/usr/lib/system/libsystem_kernel.dylib
0x00007ff81915b000 	/usr/lib/system/libsystem_platform.dylib
0x00007ff819143000 	/usr/lib/system/libsystem_pthread.dylib
0x00007ff81f891000 	/usr/lib/system/libsystem_symptoms.dylib
0x00007ff818eb5000 	/usr/lib/system/libsystem_trace.dylib
0x00007ff824327000 	/usr/lib/system/libunwind.dylib
0x00007ff818e7e000 	/usr/lib/system/libxpc.dylib
0x00007ff8190f6000 	/usr/lib/libc++abi.dylib
0x00007ff818fd4000 	/usr/lib/libobjc.A.dylib
0x00007ff824332000 	/usr/lib/liboah.dylib
0x00007ff81909d000 	/usr/lib/libc++.1.dylib
0x00007ff830280000 	/System/Library/Frameworks/Cocoa.framework/Versions/A/Cocoa
0x00007ff81bb21000 	/System/Library/Frameworks/AppKit.framework/Versions/C/AppKit
0x00007ff81f071000 	/System/Library/Frameworks/CoreData.framework/Versions/A/CoreData
0x00007ff819f3c000 	/System/Library/Frameworks/Foundation.framework/Versions/C/Foundation
0x00007ff81c9ae000 	/System/Library/PrivateFrameworks/UIFoundation.framework/Versions/A/UIFoundation
0x00007ff82a258000 	/System/Library/PrivateFrameworks/RemoteViewServices.framework/Versions/A/RemoteViewServices
0x00007ff822557000 	/System/Library/PrivateFrameworks/XCTTargetBootstrap.framework/Versions/A/XCTTargetBootstrap
0x00007ff82622f000 	/System/Library/PrivateFrameworks/InternationalSupport.framework/Versions/A/InternationalSupport
0x00007ff8262b9000 	/System/Library/PrivateFrameworks/UserActivity.framework/Versions/A/UserActivity
0x00007ff825616000 	/usr/lib/libspindump.dylib
0x00007ff81cc3c000 	/System/Library/Frameworks/UniformTypeIdentifiers.framework/Versions/A/UniformTypeIdentifiers
0x00007ff820c96000 	/usr/lib/libapp_launch_measurement.dylib
0x00007ff81fa4b000 	/System/Library/PrivateFrameworks/CoreAnalytics.framework/Versions/A/CoreAnalytics
0x00007ff820c99000 	/System/Library/PrivateFrameworks/CoreAutoLayout.framework/Versions/A/CoreAutoLayout
0x00007ff821eb8000 	/System/Library/Frameworks/Metal.framework/Versions/A/Metal
0x00007ff822bcf000 	/usr/lib/liblangid.dylib
0x00007ff82255b000 	/System/Library/PrivateFrameworks/CoreSVG.framework/Versions/A/CoreSVG
0x00007ff81dffe000 	/System/Library/PrivateFrameworks/SkyLight.framework/Versions/A/SkyLight
0x00007ff81e38f000 	/System/Library/Frameworks/CoreGraphics.framework/Versions/A/CoreGraphics
0x00007ff82a8c3000 	/System/Library/Frameworks/Accelerate.framework/Versions/A/Accelerate
0x00007ff825091000 	/System/Library/PrivateFrameworks/IconServices.framework/Versions/A/IconServices
0x00007ff821e9d000 	/System/Library/Frameworks/IOSurface.framework/Versions/A/IOSurface
0x00007ff81fa79000 	/usr/lib/libDiagnosticMessagesClient.dylib
0x00007ff82df22000 	/System/Library/Frameworks/ApplicationServices.framework/Versions/A/ApplicationServices
0x00007ff822543000 	/System/Library/PrivateFrameworks/DFRFoundation.framework/Versions/A/DFRFoundation
0x00007ff81b412000 	/usr/lib/libicucore.A.dylib
0x00007ff826f51000 	/System/Library/Frameworks/AudioToolbox.framework/Versions/A/AudioToolbox
0x00007ff82623b000 	/System/Library/PrivateFrameworks/DataDetectorsCore.framework/Versions/A/DataDetectorsCore
0x00007ff9219d0000 	/System/Library/PrivateFrameworks/TextInput.framework/Versions/A/TextInput
0x00007ff81df81000 	/usr/lib/libMobileGestalt.dylib
0x00007ff82224b000 	/System/Library/Frameworks/Carbon.framework/Versions/A/Frameworks/HIToolbox.framework/Versions/A/HIToolbox
0x00007ff8206c4000 	/System/Library/Frameworks/QuartzCore.framework/Versions/A/QuartzCore
0x00007ff81b0b3000 	/System/Library/Frameworks/Security.framework/Versions/A/Security
0x00007ff82a290000 	/System/Library/Frameworks/Carbon.framework/Versions/A/Frameworks/SpeechRecognition.framework/Versions/A/SpeechRecognition
0x00007ff8209f6000 	/System/Library/PrivateFrameworks/CoreUI.framework/Versions/A/CoreUI
0x00007ff81a98d000 	/System/Library/Frameworks/CoreAudio.framework/Versions/A/CoreAudio
0x00007ff81fb67000 	/System/Library/Frameworks/DiskArbitration.framework/Versions/A/DiskArbitration
0x00007ff8259f9000 	/System/Library/PrivateFrameworks/MultitouchSupport.framework/Versions/A/MultitouchSupport
0x00007ff81df80000 	/usr/lib/libenergytrace.dylib
0x00007ff81ba0d000 	/System/Library/Frameworks/IOKit.framework/Versions/A/IOKit
0x00007ff82a67a000 	/System/Library/Frameworks/CoreServices.framework/Versions/A/CoreServices
0x00007ff820c30000 	/System/Library/PrivateFrameworks/PerformanceAnalysis.framework/Versions/A/PerformanceAnalysis
0x00007ffa3143f000 	/System/Library/Frameworks/OpenGL.framework/Versions/A/OpenGL
0x00007ff8238b6000 	/System/Library/PrivateFrameworks/MobileKeyBag.framework/Versions/A/MobileKeyBag
0x00007ff81eabe000 	/System/Library/Frameworks/ColorSync.framework/Versions/A/ColorSync
0x00007ff819190000 	/System/Library/Frameworks/CoreFoundation.framework/Versions/A/CoreFoundation
0x00007ff8227d6000 	/System/Library/Frameworks/CoreImage.framework/Versions/A/CoreImage
0x00007ff81a7a3000 	/System/Library/Frameworks/CoreText.framework/Versions/A/CoreText
0x00007ff82258a000 	/System/Library/Frameworks/ImageIO.framework/Versions/A/ImageIO
0x00007ff82436a000 	/System/Library/PrivateFrameworks/SoftLinking.framework/Versions/A/SoftLinking
0x00007ff820ce1000 	/usr/lib/libxml2.2.dylib
0x00007ff8245ea000 	/usr/lib/libcompression.dylib
0x00007ff826165000 	/System/Library/PrivateFrameworks/TextureIO.framework/Versions/A/TextureIO
0x00007ff824d0a000 	/usr/lib/libate.dylib
0x00007ff824ac3000 	/usr/lib/liblzma.5.dylib
0x00007ff819c4d000 	/System/Library/Frameworks/SystemConfiguration.framework/Versions/A/SystemConfiguration
0x00007ff824366000 	/usr/lib/libfakelink.dylib
0x00007ff81dad4000 	/System/Library/Frameworks/CFNetwork.framework/Versions/A/CFNetwork
0x00007ff8244a5000 	/usr/lib/libarchive.2.dylib
0x00007ff822bcb000 	/System/Library/PrivateFrameworks/AppleSystemInfo.framework/Versions/A/AppleSystemInfo
0x00007ff8239b0000 	/usr/lib/libbsm.0.dylib
0x00007ff81d10b000 	/usr/lib/libnetwork.dylib
0x00007ff8242ff000 	/usr/lib/system/libkxld.dylib
0x00007ff8235df000 	/System/Library/PrivateFrameworks/IOMobileFramebuffer.framework/Versions/A/IOMobileFramebuffer
0x00007ffb2ede1000 	/usr/lib/libCoreEntitlements.dylib
0x00007ff824014000 	/System/Library/PrivateFrameworks/AppleFSCompression.framework/Versions/A/AppleFSCompression
0x00007ff823999000 	/usr/lib/libcoretls.dylib
0x00007ff824add000 	/usr/lib/libcoretls_cfhelpers.dylib
0x00007ff8245e5000 	/usr/lib/libpam.2.dylib
0x00007ff81f4b7000 	/usr/lib/libsqlite3.dylib
0x00007ff824b4c000 	/usr/lib/libxar.1.dylib
0x00007ff824024000 	/usr/lib/libbz2.1.0.dylib
0x00007ff82436b000 	/usr/lib/libpcap.A.dylib
0x00007ff81f888000 	/usr/lib/libdns_services.dylib
0x00007ff8245b7000 	/usr/lib/libapple_nghttp2.dylib
0x00007ff8243a2000 	/usr/lib/libiconv.2.dylib
0x00007ff8242f8000 	/usr/lib/libcharset.1.dylib
0x00007ff820c64000 	/System/Library/Frameworks/CoreServices.framework/Versions/A/Frameworks/FSEvents.framework/Versions/A/FSEvents
0x00007ff81b6a5000 	/System/Library/Frameworks/CoreServices.framework/Versions/A/Frameworks/CarbonCore.framework/Versions/A/CarbonCore
0x00007ff81facc000 	/System/Library/Frameworks/CoreServices.framework/Versions/A/Frameworks/Metadata.framework/Versions/A/Metadata
0x00007ff824037000 	/System/Library/Frameworks/CoreServices.framework/Versions/A/Frameworks/OSServices.framework/Versions/A/OSServices
0x00007ff82452b000 	/System/Library/Frameworks/CoreServices.framework/Versions/A/Frameworks/SearchKit.framework/Versions/A/SearchKit
0x00007ff81f81a000 	/System/Library/Frameworks/CoreServices.framework/Versions/A/Frameworks/AE.framework/Versions/A/AE
0x00007ff819691000 	/System/Library/Frameworks/CoreServices.framework/Versions/A/Frameworks/LaunchServices.framework/Versions/A/LaunchServices
0x00007ff824a74000 	/System/Library/Frameworks/CoreServices.framework/Versions/A/Frameworks/DictionaryServices.framework/Versions/A/DictionaryServices
0x00007ff820c71000 	/System/Library/Frameworks/CoreServices.framework/Versions/A/Frameworks/SharedFileList.framework/Versions/A/SharedFileList
0x00007ff82398d000 	/usr/lib/libCheckFix.dylib
0x00007ff81dfe4000 	/System/Library/PrivateFrameworks/TCC.framework/Versions/A/TCC
0x00007ff822bd1000 	/System/Library/PrivateFrameworks/CoreNLP.framework/Versions/A/CoreNLP
0x00007ff81fa7c000 	/System/Library/PrivateFrameworks/MetadataUtilities.framework/Versions/A/MetadataUtilities
0x00007ff819cfd000 	/usr/lib/libmecabra.dylib
0x00007ff8239c0000 	/usr/lib/libmecab.dylib
0x00007ff819cc8000 	/usr/lib/libCRFSuite.dylib
0x00007ff823a1d000 	/usr/lib/libgermantok.dylib
0x00007ff824592000 	/usr/lib/libThaiTokenizer.dylib
0x00007ff81fb6e000 	/System/Library/Frameworks/Accelerate.framework/Versions/A/Frameworks/vImage.framework/Versions/A/vImage
0x00007ff82a651000 	/System/Library/Frameworks/Accelerate.framework/Versions/A/Frameworks/vecLib.framework/Versions/A/vecLib
0x00007ff824b8d000 	/System/Library/Frameworks/Accelerate.framework/Versions/A/Frameworks/vecLib.framework/Versions/A/libvMisc.dylib
0x00007ff8233d3000 	/System/Library/Frameworks/Accelerate.framework/Versions/A/Frameworks/vecLib.framework/Versions/A/libvDSP.dylib
0x00007ff819a09000 	/System/Library/Frameworks/Accelerate.framework/Versions/A/Frameworks/vecLib.framework/Versions/A/libBLAS.dylib
0x00007ff8246c7000 	/System/Library/Frameworks/Accelerate.framework/Versions/A/Frameworks/vecLib.framework/Versions/A/libLAPACK.dylib
0x00007ff823a20000 	/System/Library/Frameworks/Accelerate.framework/Versions/A/Frameworks/vecLib.framework/Versions/A/libLinearAlgebra.dylib
0x00007ff8245d0000 	/System/Library/Frameworks/Accelerate.framework/Versions/A/Frameworks/vecLib.framework/Versions/A/libSparseBLAS.dylib
0x00007ff8246c1000 	/System/Library/Frameworks/Accelerate.framework/Versions/A/Frameworks/vecLib.framework/Versions/A/libQuadrature.dylib
0x00007ff822cbb000 	/System/Library/Frameworks/Accelerate.framework/Versions/A/Frameworks/vecLib.framework/Versions/A/libBNNS.dylib
0x00007ff819bde000 	/System/Library/Frameworks/Accelerate.framework/Versions/A/Frameworks/vecLib.framework/Versions/A/libSparse.dylib
0x00007ff822cb4000 	/System/Library/PrivateFrameworks/LinguisticData.framework/Versions/A/LinguisticData
0x00007ff819b93000 	/System/Library/PrivateFrameworks/Lexicon.framework/Versions/A/Lexicon
0x00007ff824b86000 	/usr/lib/libChineseTokenizer.dylib
0x00007ff81a2f7000 	/System/Library/PrivateFrameworks/LanguageModeling.framework/Versions/A/LanguageModeling
0x00007ff824594000 	/System/Library/PrivateFrameworks/AppleSauce.framework/Versions/A/AppleSauce
0x00007ff8235cd000 	/System/Library/PrivateFrameworks/CoreEmoji.framework/Versions/A/CoreEmoji
0x00007ff824494000 	/usr/lib/libcmph.dylib
0x00007ff820c48000 	/System/Library/Frameworks/OpenDirectory.framework/Versions/A/Frameworks/CFOpenDirectory.framework/Versions/A/CFOpenDirectory
0x00007ff820c3c000 	/System/Library/Frameworks/OpenDirectory.framework/Versions/A/OpenDirectory
0x00007ff824adf000 	/System/Library/PrivateFrameworks/APFS.framework/Versions/A/APFS
0x00007ff8238ee000 	/System/Library/Frameworks/SecurityFoundation.framework/Versions/A/SecurityFoundation
0x00007ff824b5a000 	/usr/lib/libutil.dylib
0x00007ff81b9d0000 	/System/Library/PrivateFrameworks/CoreServicesStore.framework/Versions/A/CoreServicesStore
0x00007ff824b5e000 	/usr/lib/libxslt.1.dylib
0x00007ff82397b000 	/System/Library/PrivateFrameworks/BackgroundTaskManagement.framework/Versions/A/BackgroundTaskManagement
0x00007ff826087000 	/System/Library/Frameworks/ImageIO.framework/Versions/A/Resources/libRadiance.dylib
0x00007ff826090000 	/System/Library/Frameworks/ImageIO.framework/Versions/A/Resources/libJPEG.dylib
0x00007ff825fe1000 	/System/Library/Frameworks/ImageIO.framework/Versions/A/Resources/libPng.dylib
0x00007ff826002000 	/System/Library/Frameworks/ImageIO.framework/Versions/A/Resources/libTIFF.dylib
0x00007ff8260ee000 	/System/Library/Frameworks/ImageIO.framework/Versions/A/Resources/libGIF.dylib
0x00007ff825916000 	/System/Library/Frameworks/ImageIO.framework/Versions/A/Resources/libJP2.dylib
0x00007ff825058000 	/usr/lib/libexpat.1.dylib
0x00007ff8258cb000 	/System/Library/PrivateFrameworks/AppleJPEG.framework/Versions/A/AppleJPEG
0x00007ff822112000 	/System/Library/PrivateFrameworks/FontServices.framework/libFontParser.dylib
0x00007ff81f7c4000 	/System/Library/PrivateFrameworks/RunningBoardServices.framework/Versions/A/RunningBoardServices
0x00007ff8307f1000 	/System/Library/PrivateFrameworks/IOSurfaceAccelerator.framework/Versions/A/IOSurfaceAccelerator
0x00007ff8259f5000 	/System/Library/PrivateFrameworks/WatchdogClient.framework/Versions/A/WatchdogClient
0x00007ff81a3e6000 	/System/Library/Frameworks/CoreDisplay.framework/Versions/A/CoreDisplay
0x00007ff822012000 	/System/Library/Frameworks/CoreMedia.framework/Versions/A/CoreMedia
0x00007ff821eaf000 	/System/Library/PrivateFrameworks/IOAccelerator.framework/Versions/A/IOAccelerator
0x00007ff820dc4000 	/System/Library/Frameworks/CoreVideo.framework/Versions/A/CoreVideo
0x00007ff8245e3000 	/System/Library/Frameworks/MetalPerformanceShaders.framework/Versions/A/MetalPerformanceShaders
0x00007ff825a30000 	/System/Library/Frameworks/VideoToolbox.framework/Versions/A/VideoToolbox
0x00007ff81f70c000 	/System/Library/PrivateFrameworks/BaseBoard.framework/Versions/A/BaseBoard
0x00007ff81f49d000 	/System/Library/PrivateFrameworks/ProtocolBuffer.framework/Versions/A/ProtocolBuffer
0x00007ff826080000 	/System/Library/PrivateFrameworks/GPUWrangler.framework/Versions/A/GPUWrangler
0x00007ff826063000 	/System/Library/PrivateFrameworks/IOPresentment.framework/Versions/A/IOPresentment
0x00007ff82608a000 	/System/Library/PrivateFrameworks/DSExternalDisplay.framework/Versions/A/DSExternalDisplay
0x00007ffa31433000 	/System/Library/Frameworks/OpenGL.framework/Versions/A/Libraries/libCoreFSCache.dylib
0x00007ffb1d3e0000 	/System/Library/PrivateFrameworks/GPUCompiler.framework/Versions/31001/Libraries/libGPUCompilerUtils.dylib
0x00007ff8260f3000 	/System/Library/PrivateFrameworks/CMCaptureCore.framework/Versions/A/CMCaptureCore
0x00007ff825604000 	/System/Library/PrivateFrameworks/AppServerSupport.framework/Versions/A/AppServerSupport
0x00007ff8277ce000 	/System/Library/PrivateFrameworks/perfdata.framework/Versions/A/perfdata
0x00007ff81a512000 	/System/Library/PrivateFrameworks/AudioToolboxCore.framework/Versions/A/AudioToolboxCore
0x00007ff821fef000 	/System/Library/PrivateFrameworks/caulk.framework/Versions/A/caulk
0x00007ff8270fb000 	/usr/lib/libAudioStatistics.dylib
0x00007ff91e28f000 	/System/Library/PrivateFrameworks/SystemPolicy.framework/Versions/A/SystemPolicy
0x00007ff827347000 	/usr/lib/libSMC.dylib
0x00007ff830133000 	/System/Library/Frameworks/CoreMIDI.framework/Versions/A/CoreMIDI
0x00007ff825fb1000 	/usr/lib/libAudioToolboxUtility.dylib
0x00007ff91a717000 	/System/Library/PrivateFrameworks/OSAServicesClient.framework/Versions/A/OSAServicesClient
0x00007ff8277db000 	/usr/lib/libperfcheck.dylib
0x00007ff91ed1b000 	/usr/lib/libmis.dylib
0x00007ffa3148f000 	/System/Library/Frameworks/OpenGL.framework/Versions/A/Libraries/libGLU.dylib
0x00007ffa31452000 	/System/Library/Frameworks/OpenGL.framework/Versions/A/Libraries/libGFXShared.dylib
0x00007ffa31660000 	/System/Library/Frameworks/OpenGL.framework/Versions/A/Libraries/libGL.dylib
0x00007ffa3145b000 	/System/Library/Frameworks/OpenGL.framework/Versions/A/Libraries/libGLImage.dylib
0x00007ffa3144f000 	/System/Library/Frameworks/OpenGL.framework/Versions/A/Libraries/libCVMSPluginSupport.dylib
0x00007ffa3143a000 	/System/Library/Frameworks/OpenGL.framework/Versions/A/Libraries/libCoreVMClient.dylib
0x00007ff822b4f000 	/System/Library/Frameworks/MetalPerformanceShaders.framework/Versions/A/Frameworks/MPSCore.framework/Versions/A/MPSCore
0x00007ff823f7f000 	/System/Library/Frameworks/MetalPerformanceShaders.framework/Versions/A/Frameworks/MPSImage.framework/Versions/A/MPSImage
0x00007ff823a36000 	/System/Library/Frameworks/MetalPerformanceShaders.framework/Versions/A/Frameworks/MPSNeuralNetwork.framework/Versions/A/MPSNeuralNetwork
0x00007ff823eab000 	/System/Library/Frameworks/MetalPerformanceShaders.framework/Versions/A/Frameworks/MPSMatrix.framework/Versions/A/MPSMatrix
0x00007ff823c67000 	/System/Library/Frameworks/MetalPerformanceShaders.framework/Versions/A/Frameworks/MPSRayIntersector.framework/Versions/A/MPSRayIntersector
0x00007ff823ee4000 	/System/Library/Frameworks/MetalPerformanceShaders.framework/Versions/A/Frameworks/MPSNDArray.framework/Versions/A/MPSNDArray
0x00007ffa36038000 	/System/Library/Frameworks/MetalPerformanceShaders.framework/Versions/A/Frameworks/MPSFunctions.framework/Versions/A/MPSFunctions
0x00007ff8198ec000 	/System/Library/PrivateFrameworks/MetalTools.framework/Versions/A/MetalTools
0x00007ff822bc9000 	/System/Library/PrivateFrameworks/AggregateDictionary.framework/Versions/A/AggregateDictionary
0x00007ff824e3a000 	/usr/lib/libIOReport.dylib
0x00007ffa32a6f000 	/System/Library/Frameworks/OpenCL.framework/Versions/A/OpenCL
0x00007ff82519e000 	/System/Library/PrivateFrameworks/FaceCore.framework/Versions/A/FaceCore
0x00007ff82518f000 	/System/Library/PrivateFrameworks/GraphVisualizer.framework/Versions/A/GraphVisualizer
0x00007ffb1d2eb000 	/System/Library/PrivateFrameworks/FontServices.framework/Versions/A/FontServices
0x00007ff8255bb000 	/System/Library/PrivateFrameworks/OTSVG.framework/Versions/A/OTSVG
0x00007ff8209ac000 	/System/Library/Frameworks/ApplicationServices.framework/Versions/A/Frameworks/ATS.framework/Versions/A/Resources/libFontRegistry.dylib
0x00007ff82560c000 	/System/Library/PrivateFrameworks/FontServices.framework/libhvf.dylib
0x00007ffb1d2ec000 	/System/Library/PrivateFrameworks/FontServices.framework/libXTFontStaticRegistryData.dylib
0x00007ff825008000 	/System/Library/PrivateFrameworks/AppleVA.framework/Versions/A/AppleVA
0x00007ff82711b000 	/System/Library/Frameworks/ApplicationServices.framework/Versions/A/Frameworks/ATS.framework/Versions/A/ATS
0x00007ff81ebba000 	/System/Library/Frameworks/ApplicationServices.framework/Versions/A/Frameworks/HIServices.framework/Versions/A/HIServices
0x00007ff8260fd000 	/System/Library/Frameworks/ApplicationServices.framework/Versions/A/Frameworks/PrintCore.framework/Versions/A/PrintCore
0x00007ff82749a000 	/System/Library/Frameworks/ApplicationServices.framework/Versions/A/Frameworks/QD.framework/Versions/A/QD
0x00007ff827492000 	/System/Library/Frameworks/ApplicationServices.framework/Versions/A/Frameworks/ColorSyncLegacy.framework/Versions/A/ColorSyncLegacy
0x00007ff82710b000 	/System/Library/Frameworks/ApplicationServices.framework/Versions/A/Frameworks/SpeechSynthesis.framework/Versions/A/SpeechSynthesis
0x00007ff8260be000 	/System/Library/Frameworks/ApplicationServices.framework/Versions/A/Frameworks/ATSUI.framework/Versions/A/ATSUI
0x00007ff827427000 	/usr/lib/libcups.2.dylib
0x00007ff8277ea000 	/System/Library/Frameworks/Kerberos.framework/Versions/A/Kerberos
0x00007ff8277f9000 	/System/Library/Frameworks/GSS.framework/Versions/A/GSS
0x00007ff827187000 	/usr/lib/libresolv.9.dylib
0x00007ff82561b000 	/System/Library/PrivateFrameworks/Heimdal.framework/Versions/A/Heimdal
0x00007ff82e29d000 	/System/Library/Frameworks/Kerberos.framework/Versions/A/Libraries/libHeimdalProxy.dylib
0x00007ff81f899000 	/System/Library/Frameworks/Network.framework/Versions/A/Network
0x00007ff825072000 	/usr/lib/libheimdal-asn1.dylib
0x00007ff827844000 	/System/Library/PrivateFrameworks/CommonAuth.framework/Versions/A/CommonAuth
0x00007ff82708c000 	/System/Library/PrivateFrameworks/AudioSession.framework/Versions/A/AudioSession
0x00007ff825102000 	/System/Library/PrivateFrameworks/MediaExperience.framework/Versions/A/MediaExperience
0x00007ff826f20000 	/System/Library/PrivateFrameworks/AudioSession.framework/libSessionUtility.dylib
0x00007ff8274a6000 	/System/Library/PrivateFrameworks/AudioResourceArbitration.framework/Versions/A/AudioResourceArbitration
0x00007ff82507b000 	/System/Library/PrivateFrameworks/IconFoundation.framework/Versions/A/IconFoundation
0x00007ff82a280000 	/System/Library/PrivateFrameworks/SpeechRecognitionCore.framework/Versions/A/SpeechRecognitionCore
0x000000010a1f1000 	/Users/illuha2uha/Library/Java/JavaVirtualMachines/openjdk-17/Contents/Home/lib/server/libjvm.dylib
0x00000001091fd000 	/Users/illuha2uha/Library/Java/JavaVirtualMachines/openjdk-17/Contents/Home/lib/libjimage.dylib
0x000000010922f000 	/Users/illuha2uha/Library/Java/JavaVirtualMachines/openjdk-17/Contents/Home/lib/libinstrument.dylib
0x0000000109286000 	/Users/illuha2uha/Library/Java/JavaVirtualMachines/openjdk-17/Contents/Home/lib/libjava.dylib
0x000000012918f000 	/Users/illuha2uha/Library/Java/JavaVirtualMachines/openjdk-17/Contents/Home/lib/libnio.dylib
0x00000001291e6000 	/Users/illuha2uha/Library/Java/JavaVirtualMachines/openjdk-17/Contents/Home/lib/libnet.dylib
0x000000012927e000 	/Users/illuha2uha/Library/Java/JavaVirtualMachines/openjdk-17/Contents/Home/lib/libzip.dylib
0x000000012b941000 	/Users/illuha2uha/.openjfx/cache/17.0.1/libprism_es2.dylib
0x00007ff81b991000 	/System/Library/PrivateFrameworks/CoreServicesInternal.framework/Versions/A/CoreServicesInternal
0x00007ffa3166b000 	/System/Library/Frameworks/OpenGL.framework/Versions/A/Resources/GLEngine.bundle/GLEngine
0x00007ffa314cd000 	/System/Library/Frameworks/OpenGL.framework/Versions/A/Libraries/libGLProgrammability.dylib
0x000000012bb4e000 	/System/Library/Extensions/AppleMetalOpenGLRenderer.bundle/Contents/MacOS/AppleMetalOpenGLRenderer
0x00007ffa317fa000 	/System/Library/Frameworks/OpenGL.framework/Versions/A/Resources/GLRendererFloat.bundle/GLRendererFloat
0x00007ffa335d9000 	/System/Library/Extensions/AGXMetal13_3.bundle/Contents/MacOS/AGXMetal13_3
0x00007ff91ed36000 	/System/Library/PrivateFrameworks/GPURawCounter.framework/Versions/A/GPURawCounter
0x00007ff9198b3000 	/System/Library/PrivateFrameworks/IOGPU.framework/Versions/A/IOGPU
0x000000012bd32000 	/Users/illuha2uha/.openjfx/cache/17.0.1/libglass.dylib
0x00007ff82ba51000 	/System/Library/Frameworks/FileProvider.framework/Versions/A/FileProvider
0x00007ff81f678000 	/System/Library/Frameworks/Accounts.framework/Versions/A/Accounts
0x00007ff82bbc9000 	/System/Library/PrivateFrameworks/GenerationalStorage.framework/Versions/A/GenerationalStorage
0x00007ff82c6d6000 	/System/Library/PrivateFrameworks/CoreSymbolication.framework/Versions/A/CoreSymbolication
0x00007ff82b455000 	/System/Library/PrivateFrameworks/SymptomDiagnosticReporter.framework/Versions/A/SymptomDiagnosticReporter
0x00007ff81cc50000 	/System/Library/PrivateFrameworks/DesktopServicesPriv.framework/Versions/A/DesktopServicesPriv
0x00007ff81bad2000 	/usr/lib/libsandbox.1.dylib
0x00007ff820e42000 	/System/Library/PrivateFrameworks/UserManagement.framework/Versions/A/UserManagement
0x00007ff82c69b000 	/System/Library/PrivateFrameworks/DebugSymbols.framework/Versions/A/DebugSymbols
0x00007ff827487000 	/System/Library/PrivateFrameworks/NetAuth.framework/Versions/A/NetAuth
0x00007ff828373000 	/System/Library/PrivateFrameworks/Sharing.framework/Versions/A/Sharing
0x00007ff820e15000 	/System/Library/PrivateFrameworks/login.framework/Versions/A/Frameworks/loginsupport.framework/Versions/A/loginsupport
0x00007ff82d7d3000 	/System/Library/PrivateFrameworks/Apple80211.framework/Versions/A/Apple80211
0x00007ff824064000 	/System/Library/PrivateFrameworks/AuthKit.framework/Versions/A/AuthKit
0x00007ff8236c3000 	/System/Library/PrivateFrameworks/CoreUtils.framework/Versions/A/CoreUtils
0x00007ff8235ea000 	/System/Library/Frameworks/CoreWLAN.framework/Versions/A/CoreWLAN
0x00007ff8284ce000 	/System/Library/Frameworks/IOBluetooth.framework/Versions/A/IOBluetooth
0x00007ff82d83b000 	/System/Library/PrivateFrameworks/CoreWiFi.framework/Versions/A/CoreWiFi
0x00007ff82c270000 	/System/Library/PrivateFrameworks/FrontBoardServices.framework/Versions/A/FrontBoardServices
0x00007ff82c302000 	/System/Library/PrivateFrameworks/BoardServices.framework/Versions/A/BoardServices
0x00007ff8238dd000 	/System/Library/PrivateFrameworks/AssertionServices.framework/Versions/A/AssertionServices
0x00007ff82d9bf000 	/System/Library/PrivateFrameworks/BackBoardServices.framework/Versions/A/BackBoardServices
0x00007ff8278d3000 	/System/Library/PrivateFrameworks/CorePhoneNumbers.framework/Versions/A/CorePhoneNumbers
0x00007ff82b572000 	/System/Library/PrivateFrameworks/DiskManagement.framework/Versions/A/DiskManagement
0x00007ff82b486000 	/System/Library/PrivateFrameworks/AppleIDAuthSupport.framework/Versions/A/AppleIDAuthSupport
0x00007ffa37f9e000 	/System/Library/PrivateFrameworks/AAAFoundation.framework/Versions/A/AAAFoundation
0x00007ff8278b4000 	/System/Library/PrivateFrameworks/KeychainCircle.framework/Versions/A/KeychainCircle
0x00007ff82b53e000 	/System/Library/PrivateFrameworks/MediaKit.framework/Versions/A/MediaKit
0x00007ff82b492000 	/System/Library/Frameworks/DiscRecording.framework/Versions/A/DiscRecording
0x00007ff824f80000 	/usr/lib/libCoreStorage.dylib
0x00007ff82dcac000 	/usr/lib/libcsfde.dylib
0x00007ff82859b000 	/System/Library/PrivateFrameworks/ProtectedCloudStorage.framework/Versions/A/ProtectedCloudStorage
0x00007ff82dca8000 	/System/Library/PrivateFrameworks/EFILogin.framework/Versions/A/EFILogin
0x00007ff82bbef000 	/System/Library/PrivateFrameworks/OctagonTrust.framework/Versions/A/OctagonTrust
0x00007ffb1c625000 	/System/Library/PrivateFrameworks/CoreUtilsExtras.framework/Versions/A/CoreUtilsExtras
0x00007ff82b3c5000 	/System/Library/Frameworks/CoreBluetooth.framework/Versions/A/CoreBluetooth
0x00007ff82e322000 	/System/Library/Frameworks/AudioUnit.framework/Versions/A/AudioUnit
0x00007ff824f78000 	/usr/lib/libMatch.1.dylib
0x00007ff9230ee000 	/System/Library/Frameworks/Accelerate.framework/Versions/A/Frameworks/vImage.framework/Versions/A/Libraries/libCGInterfaces.dylib
0x000000012d65b000 	/usr/lib/libobjc-trampolines.dylib
0x00007ff820b3c000 	/System/Library/PrivateFrameworks/ViewBridge.framework/Versions/A/ViewBridge
0x00007ff8256d5000 	/System/Library/PrivateFrameworks/login.framework/Versions/A/login
0x000000012f438000 	/Users/illuha2uha/.openjfx/cache/17.0.1/libjavafx_font.dylib
0x000000012f4b5000 	/Users/illuha2uha/.openjfx/cache/17.0.1/libjavafx_iio.dylib
0x000000012f614000 	/Users/illuha2uha/Library/Java/JavaVirtualMachines/openjdk-17/Contents/Home/lib/libawt.dylib
0x000000012f7a1000 	/Users/illuha2uha/Library/Java/JavaVirtualMachines/openjdk-17/Contents/Home/lib/libmlib_image.dylib
0x00007ffa35fa6000 	/System/Library/Frameworks/JavaRuntimeSupport.framework/Versions/A/JavaRuntimeSupport
0x00007ff91dde0000 	/System/Library/Frameworks/Carbon.framework/Versions/A/Carbon
0x00007ff831b37000 	/System/Library/Frameworks/Carbon.framework/Versions/A/Frameworks/CommonPanels.framework/Versions/A/CommonPanels
0x00007ff82dca4000 	/System/Library/Frameworks/Carbon.framework/Versions/A/Frameworks/Help.framework/Versions/A/Help
0x00007ff831b3b000 	/System/Library/Frameworks/Carbon.framework/Versions/A/Frameworks/ImageCapture.framework/Versions/A/ImageCapture
0x00007ff831b0b000 	/System/Library/Frameworks/Carbon.framework/Versions/A/Frameworks/OpenScripting.framework/Versions/A/OpenScripting
0x00007ff831b33000 	/System/Library/Frameworks/Carbon.framework/Versions/A/Frameworks/Ink.framework/Versions/A/Ink
0x00007ff91dddc000 	/System/Library/Frameworks/Carbon.framework/Versions/A/Frameworks/Print.framework/Versions/A/Print
0x00007ff831b2f000 	/System/Library/Frameworks/Carbon.framework/Versions/A/Frameworks/SecurityHI.framework/Versions/A/SecurityHI
0x000000012fa03000 	/Users/illuha2uha/Library/Java/JavaVirtualMachines/openjdk-17/Contents/Home/lib/libawt_lwawt.dylib
0x000000012f59e000 	/Users/illuha2uha/Library/Java/JavaVirtualMachines/openjdk-17/Contents/Home/lib/libosxapp.dylib
0x00007ff91d241000 	/System/Library/Frameworks/ExceptionHandling.framework/Versions/A/ExceptionHandling
0x000000012fe28000 	/Users/illuha2uha/Library/Java/JavaVirtualMachines/openjdk-17/Contents/Home/lib/libfontmanager.dylib
0x000000012fc9a000 	/Users/illuha2uha/Library/Java/JavaVirtualMachines/openjdk-17/Contents/Home/lib/libfreetype.dylib
0x000000012f9bd000 	/Users/illuha2uha/Library/Java/JavaVirtualMachines/openjdk-17/Contents/Home/lib/libosxui.dylib
0x00007ffb2eeef000 	/usr/lib/libRosetta.dylib


VM Arguments:
jvm_args: -javaagent:/Applications/IntelliJ IDEA.app/Contents/lib/idea_rt.jar=61534:/Applications/IntelliJ IDEA.app/Contents/bin -Dfile.encoding=UTF-8 --module-path=/Users/illuha2uha/.m2/repository/org/openjfx/javafx-controls/17.0.1/javafx-controls-17.0.1-mac.jar:/Users/illuha2uha/.m2/repository/org/openjfx/javafx-fxml/17.0.1/javafx-fxml-17.0.1-mac.jar:/Users/illuha2uha/.m2/repository/org/openjfx/javafx-graphics/17.0.1/javafx-graphics-17.0.1-mac.jar:/Users/illuha2uha/.m2/repository/org/openjfx/javafx-base/17.0.1/javafx-base-17.0.1-mac.jar:/Users/illuha2uha/IdeaProjects/GUI_EN_2122S_PRO3_GR23c_s24387_IntelliJ/target/classes -Djdk.module.main=GUI_EN_2122S_PRO3_GR23c_s24387_IntelliJ 
java_command: GUI_EN_2122S_PRO3_GR23c_s24387_IntelliJ/Defaults.Main
java_class_path (initial): /Users/illuha2uha/.m2/repository/org/openjfx/javafx-controls/17.0.1/javafx-controls-17.0.1.jar:/Users/illuha2uha/.m2/repository/org/openjfx/javafx-graphics/17.0.1/javafx-graphics-17.0.1.jar:/Users/illuha2uha/.m2/repository/org/openjfx/javafx-base/17.0.1/javafx-base-17.0.1.jar:/Users/illuha2uha/.m2/repository/org/openjfx/javafx-fxml/17.0.1/javafx-fxml-17.0.1.jar
Launcher Type: SUN_STANDARD

[Global flags]
     intx CICompilerCount                          = 4                                         {product} {ergonomic}
     uint ConcGCThreads                            = 2                                         {product} {ergonomic}
     uint G1ConcRefinementThreads                  = 8                                         {product} {ergonomic}
   size_t G1HeapRegionSize                         = 1048576                                   {product} {ergonomic}
    uintx GCDrainStackTargetSize                   = 64                                        {product} {ergonomic}
   size_t InitialHeapSize                          = 134217728                                 {product} {ergonomic}
   size_t MarkStackSize                            = 4194304                                   {product} {ergonomic}
   size_t MaxHeapSize                              = 2147483648                                {product} {ergonomic}
   size_t MaxNewSize                               = 1287651328                                {product} {ergonomic}
   size_t MinHeapDeltaBytes                        = 1048576                                   {product} {ergonomic}
   size_t MinHeapSize                              = 8388608                                   {product} {ergonomic}
    uintx NonNMethodCodeHeapSize                   = 5839372                                {pd product} {ergonomic}
    uintx NonProfiledCodeHeapSize                  = 122909434                              {pd product} {ergonomic}
    uintx ProfiledCodeHeapSize                     = 122909434                              {pd product} {ergonomic}
    uintx ReservedCodeCacheSize                    = 251658240                              {pd product} {ergonomic}
     bool SegmentedCodeCache                       = true                                      {product} {ergonomic}
   size_t SoftMaxHeapSize                          = 2147483648                             {manageable} {ergonomic}
     bool UseCompressedClassPointers               = true                           {product lp64_product} {ergonomic}
     bool UseCompressedOops                        = true                           {product lp64_product} {ergonomic}
     bool UseG1GC                                  = true                                      {product} {ergonomic}
     bool UseNUMA                                  = false                                     {product} {ergonomic}
     bool UseNUMAInterleaving                      = false                                     {product} {ergonomic}

Logging:
Log output configuration:
 #0: stdout all=warning uptime,level,tags
 #1: stderr all=off uptime,level,tags

Environment Variables:
PATH=/opt/homebrew/bin:/opt/homebrew/sbin:/usr/local/bin:/usr/bin:/bin:/usr/sbin:/sbin:/usr/local/share/dotnet:~/.dotnet/tools:/Library/Apple/usr/bin:/Library/Frameworks/Mono.framework/Versions/Current/Commands
SHELL=/bin/zsh
LC_CTYPE=en_GB.UTF-8

Signal Handlers:
   SIGSEGV: _ZL13crash_handleriP9__siginfoPv in libjvm.dylib, mask=11100110100111111111111111111111, flags=SA_RESTART|SA_SIGINFO
    SIGBUS: _ZL13crash_handleriP9__siginfoPv in libjvm.dylib, mask=11100110100111111111111111111111, flags=SA_RESTART|SA_SIGINFO
    SIGFPE: _ZL13crash_handleriP9__siginfoPv in libjvm.dylib, mask=11100110100111111111111111111111, flags=SA_RESTART|SA_SIGINFO
   SIGPIPE: _ZL17javaSignalHandleriP9__siginfoPv in libjvm.dylib, mask=11100110100111111111111111111111, flags=SA_RESTART|SA_SIGINFO
   SIGXFSZ: _ZL17javaSignalHandleriP9__siginfoPv in libjvm.dylib, mask=11100110100111111111111111111111, flags=SA_RESTART|SA_SIGINFO
    SIGILL: _ZL13crash_handleriP9__siginfoPv in libjvm.dylib, mask=11100110100111111111111111111111, flags=SA_RESTART|SA_SIGINFO
   SIGUSR2: _ZL10SR_handleriP9__siginfoP17__darwin_ucontext in libjvm.dylib, mask=00100000000000000000000000000000, flags=SA_RESTART|SA_SIGINFO
    SIGHUP: _ZL11UserHandleriPvS_ in libjvm.dylib, mask=11100110100111111111111111111111, flags=SA_RESTART|SA_SIGINFO
    SIGINT: _ZL11UserHandleriPvS_ in libjvm.dylib, mask=11100110100111111111111111111111, flags=SA_RESTART|SA_SIGINFO
   SIGTERM: _ZL11UserHandleriPvS_ in libjvm.dylib, mask=11100110100111111111111111111111, flags=SA_RESTART|SA_SIGINFO
   SIGQUIT: _ZL11UserHandleriPvS_ in libjvm.dylib, mask=11100110100111111111111111111111, flags=SA_RESTART|SA_SIGINFO
   SIGTRAP: _ZL13crash_handleriP9__siginfoPv in libjvm.dylib, mask=11100110100111111111111111111111, flags=SA_RESTART|SA_SIGINFO


---------------  S Y S T E M  ---------------

OS:
uname: Darwin 21.1.0 Darwin Kernel Version 21.1.0: Wed Oct 13 17:33:24 PDT 2021; root:xnu-8019.41.5~1/RELEASE_ARM64_T8101 x86_64
OS uptime: 2 days 7:05 hours
rlimit (soft/hard): STACK 8176k/65520k , CORE 0k/infinity , NPROC 1333/2000 , NOFILE 10240/infinity , AS infinity/infinity , CPU infinity/infinity , DATA infinity/infinity , FSIZE infinity/infinity , MEMLOCK infinity/infinity , RSS infinity/infinity
load average: 2.10 2.00 2.04

CPU: (EMULATED) total 8 (initial active 8) (1 cores per cpu, 1 threads per core) family 6 model 44 stepping 0 microcode 0x0, cx8, cmov, fxsr, mmx, sse, sse2, sse3, ssse3, sse4.1, sse4.2, popcnt, tsc, tscinvbit, aes, clmul, clflush

Memory: 4k page, physical 8388608k(24396k free), swap 2097152k(758272k free)

vm_info: OpenJDK 64-Bit Server VM (17+35-2724) for bsd-amd64 JRE (17+35-2724), built on Aug  5 2021 22:31:25 by "mach5one" with clang Apple LLVM 12.0.0 (clang-1200.0.32.29)

END.
